  Assembling P_17_PromedioM_Salones.asm...
  Assembling P_18_LeerHasteNegativos.asm...
  Assembling P_19_IntroPila.asm...
  Assembling P_20_CicliosAnidados.asm...
  Assembling P_21_TablaMultiplicar.asm...
  Assembling P_22_TabladeMultiplicarConPila.asm...
  Assembling P_23_CiclioAnidadosConPilas.asm...
  Assembling P_30.asm...
  Assembling P_31.asm...
  Assembling P_32.asm...
  Assembling P_33.asm...
  Assembling P_34.asm...
  Assembling P_35.asm...
  Assembling P_36.asm...
  Assembling P_37.asm...
  Assembling P_38.asm...
  Assembling P_3_EscrituraEnPantalla.asm...
  Assembling P_40.asm...
  Assembling P_41_leerNombre.asm...
  Assembling P_42_msgBox.asm...
  Assembling P_43_msgBoxV2.asm...
  Assembling P_45_sumaConProc.asm...
  Assembling P_4_LeerDatosConsola.asm...
  Assembling P_5_ImprimeCadenaEnConsola.asm...
  Assembling P_6_Op_SUB.asm...
  Assembling P_7_multiplicacion.asm...
  Assembling P_8_division.asm...
  Assembling P_9_EcuacionLineRecta.asm...
Ej7_LeerYSumarHastaX.obj : warning LNK4258: la directiva '/ENTRY:mainE7@0' no es compatible con el modificador '/ENTRY:main30'; se ha omitido
Ej_10_SueldoSemanal.obj : warning LNK4258: la directiva '/ENTRY:mainE10@0' no es compatible con el modificador '/ENTRY:main30'; se ha omitido
Ej_11_Edad.obj : warning LNK4258: la directiva '/ENTRY:mainE11@0' no es compatible con el modificador '/ENTRY:main30'; se ha omitido
Ej_12_Estaconamiento.obj : warning LNK4258: la directiva '/ENTRY:mainE12@0' no es compatible con el modificador '/ENTRY:main30'; se ha omitido
Ej_13_BrochaFeliz.obj : warning LNK4258: la directiva '/ENTRY:mainE13@0' no es compatible con el modificador '/ENTRY:main30'; se ha omitido
Ej_14_LaCurvaLoca.obj : warning LNK4258: la directiva '/ENTRY:mainE14@0' no es compatible con el modificador '/ENTRY:main30'; se ha omitido
Ej_15_Conagua.obj : warning LNK4258: la directiva '/ENTRY:mainE15@0' no es compatible con el modificador '/ENTRY:main30'; se ha omitido
Ej_16_CLS.obj : warning LNK4258: la directiva '/ENTRY:mainE16@0' no es compatible con el modificador '/ENTRY:main30'; se ha omitido
Ej_17_Factorial.obj : warning LNK4258: la directiva '/ENTRY:mainE17@0' no es compatible con el modificador '/ENTRY:main30'; se ha omitido
Ej_18_Fibonacci.obj : warning LNK4258: la directiva '/ENTRY:mainE18@0' no es compatible con el modificador '/ENTRY:main30'; se ha omitido
Ej_19_NPares.obj : warning LNK4258: la directiva '/ENTRY:mainE19@0' no es compatible con el modificador '/ENTRY:main30'; se ha omitido
Ej_20_Discriminante.obj : warning LNK4258: la directiva '/ENTRY:mainE20@0' no es compatible con el modificador '/ENTRY:main30'; se ha omitido
Ej_21_PorcentajeXdeY.obj : warning LNK4258: la directiva '/ENTRY:mainE21@0' no es compatible con el modificador '/ENTRY:main30'; se ha omitido
Ej_2_U3_edad_Promedio.obj : warning LNK4258: la directiva '/ENTRY:mainE2U3@0' no es compatible con el modificador '/ENTRY:main30'; se ha omitido
Ej_3_NaufragoSat.obj : warning LNK4258: la directiva '/ENTRY:mainE3U3@0' no es compatible con el modificador '/ENTRY:main30'; se ha omitido
Ej_4_LeerNumerosPositivos.obj : warning LNK4258: la directiva '/ENTRY:mainE4@0' no es compatible con el modificador '/ENTRY:main30'; se ha omitido
Ej_4_LorenzoTMata.obj : warning LNK4258: la directiva '/ENTRY:mainE4U3@0' no es compatible con el modificador '/ENTRY:main30'; se ha omitido
Ej_5_SumNumerosPos.obj : warning LNK4258: la directiva '/ENTRY:mainE5@0' no es compatible con el modificador '/ENTRY:main30'; se ha omitido
Ej_6_PuebloDesc.obj : warning LNK4258: la directiva '/ENTRY:mainE6U3@0' no es compatible con el modificador '/ENTRY:main30'; se ha omitido
Ej_6_SolicitarXyLeerMenorX.obj : warning LNK4258: la directiva '/ENTRY:mainE6@0' no es compatible con el modificador '/ENTRY:main30'; se ha omitido
Ej_8_EmpresaConstructora.obj : warning LNK4258: la directiva '/ENTRY:mainE8@0' no es compatible con el modificador '/ENTRY:main30'; se ha omitido
Ej_9_Manhattan.obj : warning LNK4258: la directiva '/ENTRY:mainE9@0' no es compatible con el modificador '/ENTRY:main30'; se ha omitido
P2_U4.obj : warning LNK4258: la directiva '/ENTRY:mainP2U4@0' no es compatible con el modificador '/ENTRY:main30'; se ha omitido
P44_msgBoxV3.obj : warning LNK4258: la directiva '/ENTRY:main44@0' no es compatible con el modificador '/ENTRY:main30'; se ha omitido
P_10_Promedio_5num.obj : warning LNK4258: la directiva '/ENTRY:main10@0' no es compatible con el modificador '/ENTRY:main30'; se ha omitido
P_11_AreaRectangulo.obj : warning LNK4258: la directiva '/ENTRY:main11@0' no es compatible con el modificador '/ENTRY:main30'; se ha omitido
P_12_IntroSaltosSinCondicionales.obj : warning LNK4258: la directiva '/ENTRY:main12@0' no es compatible con el modificador '/ENTRY:main30'; se ha omitido
P_13_SaltoCondicional_V1.obj : warning LNK4258: la directiva '/ENTRY:main13@0' no es compatible con el modificador '/ENTRY:main30'; se ha omitido
P_14_NumeroPar.obj : warning LNK4258: la directiva '/ENTRY:main14@0' no es compatible con el modificador '/ENTRY:main30'; se ha omitido
P_15_ImprimirSerie.obj : warning LNK4258: la directiva '/ENTRY:main15@0' no es compatible con el modificador '/ENTRY:main30'; se ha omitido
P_16_Xalay.obj : warning LNK4258: la directiva '/ENTRY:main16@0' no es compatible con el modificador '/ENTRY:main30'; se ha omitido
P_17_Checar2Num.obj : warning LNK4258: la directiva '/ENTRY:main17@0' no es compatible con el modificador '/ENTRY:main30'; se ha omitido
P_17_PromedioM_Salones.obj : warning LNK4258: la directiva '/ENTRY:mainP17U3@0' no es compatible con el modificador '/ENTRY:main30'; se ha omitido
P_18_LeerHasteNegativos.obj : warning LNK4258: la directiva '/ENTRY:main18@0' no es compatible con el modificador '/ENTRY:main30'; se ha omitido
P_19_IntroPila.obj : warning LNK4258: la directiva '/ENTRY:main19@0' no es compatible con el modificador '/ENTRY:main30'; se ha omitido
P_20_CicliosAnidados.obj : warning LNK4258: la directiva '/ENTRY:main20@0' no es compatible con el modificador '/ENTRY:main30'; se ha omitido
P_21_TablaMultiplicar.obj : warning LNK4258: la directiva '/ENTRY:main21@0' no es compatible con el modificador '/ENTRY:main30'; se ha omitido
P_22_TabladeMultiplicarConPila.obj : warning LNK4258: la directiva '/ENTRY:main22@0' no es compatible con el modificador '/ENTRY:main30'; se ha omitido
P_23_CiclioAnidadosConPilas.obj : warning LNK4258: la directiva '/ENTRY:main23@0' no es compatible con el modificador '/ENTRY:main30'; se ha omitido
P_30.obj : warning LNK4258: la directiva '/ENTRY:main30@0' no es compatible con el modificador '/ENTRY:main30'; se ha omitido
P_31.obj : warning LNK4258: la directiva '/ENTRY:main31@0' no es compatible con el modificador '/ENTRY:main30'; se ha omitido
P_32.obj : warning LNK4258: la directiva '/ENTRY:main32@0' no es compatible con el modificador '/ENTRY:main30'; se ha omitido
P_33.obj : warning LNK4258: la directiva '/ENTRY:main33@0' no es compatible con el modificador '/ENTRY:main30'; se ha omitido
P_34.obj : warning LNK4258: la directiva '/ENTRY:main34@0' no es compatible con el modificador '/ENTRY:main30'; se ha omitido
P_35.obj : warning LNK4258: la directiva '/ENTRY:main35@0' no es compatible con el modificador '/ENTRY:main30'; se ha omitido
P_36.obj : warning LNK4258: la directiva '/ENTRY:main36@0' no es compatible con el modificador '/ENTRY:main30'; se ha omitido
P_37.obj : warning LNK4258: la directiva '/ENTRY:main37@0' no es compatible con el modificador '/ENTRY:main30'; se ha omitido
P_38.obj : warning LNK4258: la directiva '/ENTRY:main38@0' no es compatible con el modificador '/ENTRY:main30'; se ha omitido
P_3_EscrituraEnPantalla.obj : warning LNK4258: la directiva '/ENTRY:main3@0' no es compatible con el modificador '/ENTRY:main30'; se ha omitido
P_40.obj : warning LNK4258: la directiva '/ENTRY:main40@0' no es compatible con el modificador '/ENTRY:main30'; se ha omitido
P_41_leerNombre.obj : warning LNK4258: la directiva '/ENTRY:main41@0' no es compatible con el modificador '/ENTRY:main30'; se ha omitido
P_42_msgBox.obj : warning LNK4258: la directiva '/ENTRY:main42@0' no es compatible con el modificador '/ENTRY:main30'; se ha omitido
P_43_msgBoxV2.obj : warning LNK4258: la directiva '/ENTRY:main43@0' no es compatible con el modificador '/ENTRY:main30'; se ha omitido
P_45_sumaConProc.obj : warning LNK4258: la directiva '/ENTRY:main45@0' no es compatible con el modificador '/ENTRY:main30'; se ha omitido
P_4_LeerDatosConsola.obj : warning LNK4258: la directiva '/ENTRY:main2@0' no es compatible con el modificador '/ENTRY:main30'; se ha omitido
P_5_ImprimeCadenaEnConsola.obj : warning LNK4258: la directiva '/ENTRY:main5@0' no es compatible con el modificador '/ENTRY:main30'; se ha omitido
P_6_Op_SUB.obj : warning LNK4258: la directiva '/ENTRY:main6@0' no es compatible con el modificador '/ENTRY:main30'; se ha omitido
P_7_multiplicacion.obj : warning LNK4258: la directiva '/ENTRY:main7@0' no es compatible con el modificador '/ENTRY:main30'; se ha omitido
P_8_division.obj : warning LNK4258: la directiva '/ENTRY:main8@0' no es compatible con el modificador '/ENTRY:main30'; se ha omitido
P_9_EcuacionLineRecta.obj : warning LNK4258: la directiva '/ENTRY:main9@0' no es compatible con el modificador '/ENTRY:main30'; se ha omitido
  PM_U2_EQ3.vcxproj -> C:\Users\Cesar\source\repos\PM_U2_EQ3\Debug\PM_U2_EQ3.exe
